\BOOKMARK [1][-]{section.1}{ Introduction}{}% 1
\BOOKMARK [1][-]{section.2}{Problematic}{}% 2
\BOOKMARK [1][-]{section.3}{Hypotheses}{}% 3
\BOOKMARK [1][-]{section.4}{Memory structure}{}% 4
\BOOKMARK [1][-]{section.5}{Presentation of the project frameworks}{}% 5
\BOOKMARK [2][-]{subsection.5.1}{Project idea}{section.5}% 6
\BOOKMARK [2][-]{subsection.5.2}{Main reason of the project}{section.5}% 7
\BOOKMARK [2][-]{subsection.5.3}{Project creation}{section.5}% 8
\BOOKMARK [1][-]{section.6}{Analysis and design \(UML\)}{}% 9
\BOOKMARK [2][-]{subsection.6.1}{Class Diagram}{section.6}% 10
\BOOKMARK [2][-]{subsection.6.2}{Use case Diagram}{section.6}% 11
\BOOKMARK [2][-]{subsection.6.3}{Sequence Diagrams}{section.6}% 12
\BOOKMARK [3][-]{subsubsection.6.3.1}{For login}{subsection.6.3}% 13
\BOOKMARK [3][-]{subsubsection.6.3.2}{For register}{subsection.6.3}% 14
\BOOKMARK [3][-]{subsubsection.6.3.3}{For create user}{subsection.6.3}% 15
\BOOKMARK [3][-]{subsubsection.6.3.4}{For update user}{subsection.6.3}% 16
\BOOKMARK [3][-]{subsubsection.6.3.5}{For delete user}{subsection.6.3}% 17
\BOOKMARK [3][-]{subsubsection.6.3.6}{For create conference}{subsection.6.3}% 18
\BOOKMARK [3][-]{subsubsection.6.3.7}{For update conference}{subsection.6.3}% 19
\BOOKMARK [3][-]{subsubsection.6.3.8}{For delete conference}{subsection.6.3}% 20
\BOOKMARK [3][-]{subsubsection.6.3.9}{For create submission}{subsection.6.3}% 21
\BOOKMARK [3][-]{subsubsection.6.3.10}{For update submission}{subsection.6.3}% 22
\BOOKMARK [3][-]{subsubsection.6.3.11}{For delete submission}{subsection.6.3}% 23
\BOOKMARK [1][-]{section.7}{The implementation}{}% 24
\BOOKMARK [2][-]{subsection.7.1}{Implementation Technologies}{section.7}% 25
\BOOKMARK [3][-]{subsubsection.7.1.1}{For front-end}{subsection.7.1}% 26
\BOOKMARK [3][-]{subsubsection.7.1.2}{For back-end}{subsection.7.1}% 27
\BOOKMARK [2][-]{subsection.7.2}{Interfaces of the site}{section.7}% 28
\BOOKMARK [3][-]{subsubsection.7.2.1}{Home Page}{subsection.7.2}% 29
\BOOKMARK [3][-]{subsubsection.7.2.2}{Conference Details page}{subsection.7.2}% 30
\BOOKMARK [3][-]{subsubsection.7.2.3}{Notifications page}{subsection.7.2}% 31
\BOOKMARK [3][-]{subsubsection.7.2.4}{Conference Creation page}{subsection.7.2}% 32
\BOOKMARK [3][-]{subsubsection.7.2.5}{Submission Creation page}{subsection.7.2}% 33
\BOOKMARK [3][-]{subsubsection.7.2.6}{Admin Panel}{subsection.7.2}% 34
\BOOKMARK [1][-]{section.8}{Conclusion}{}% 35
